<?xml version="1.0" encoding="UTF-8"?>
<!-- Generated by org.testng.reporters.JUnitReportReporter -->
<testsuite skipped="0" hostname="A3-577" name="cucumberRunner.ShoppingIntegrationTest" tests="1" failures="0" timestamp="30 May 2018 06:54:36 GMT" time="0.049" errors="0">
  <testcase name="feature" time="0.049" classname="cucumberRunner.ShoppingIntegrationTest"/>
</testsuite> <!-- cucumberRunner.ShoppingIntegrationTest -->
