<?xml version="1.0" encoding="UTF-8"?>
<!-- Generated by org.testng.reporters.JUnitReportReporter -->
<testsuite skipped="0" hostname="A3-577" name="com.mobileNew.cucumberTest.ShoppingIntegrationTest" tests="1" failures="0" timestamp="30 May 2018 06:48:30 GMT" time="0.046" errors="0">
  <testcase name="feature" time="0.046" classname="com.mobileNew.cucumberTest.ShoppingIntegrationTest"/>
</testsuite> <!-- com.mobileNew.cucumberTest.ShoppingIntegrationTest -->
