<?xml version="1.0" encoding="UTF-8"?>
<!-- Generated by org.testng.reporters.JUnitReportReporter -->
<testsuite skipped="0" hostname="A3-577" name="com.mobileTest.LoginTest" tests="1" failures="0" timestamp="30 May 2018 13:17:53 GMT" time="62.820" errors="0">
  <testcase name="loginPageTest" time="62.820" classname="com.mobileTest.LoginTest"/>
</testsuite> <!-- com.mobileTest.LoginTest -->
